<?xml version="1.0" encoding="UTF-8"?>
<!-- Generated by org.testng.reporters.JUnitReportReporter -->
<testsuite skipped="0" hostname="DESKTOP-K092JRV" name="com.ecomm.tests.LoginPageTest" tests="2" failures="0" timestamp="15 Sep 2021 07:31:25 GMT" time="43.959" errors="0">
  <testcase name="LoginTest" time="23.132" classname="com.ecomm.tests.LoginPageTest"/>
  <testcase name="InvalidLoginTest" time="20.827" classname="com.ecomm.tests.LoginPageTest"/>
</testsuite> <!-- com.ecomm.tests.LoginPageTest -->
