<?xml version="1.0" encoding="UTF-8"?>
<!-- Generated by org.testng.reporters.JUnitReportReporter -->
<testsuite skipped="0" hostname="DESKTOP-K092JRV" name="com.ecomm.tests.TShirtsPageTest" tests="1" failures="0" timestamp="15 Sep 2021 07:16:56 GMT" time="57.980" errors="0">
  <testcase name="VerifyAddToCart" time="57.980" classname="com.ecomm.tests.TShirtsPageTest"/>
</testsuite> <!-- com.ecomm.tests.TShirtsPageTest -->
