<?xml version="1.0" encoding="UTF-8"?>
<!-- Generated by org.testng.reporters.JUnitReportReporter -->
<testsuite skipped="0" hostname="DESKTOP-K092JRV" name="com.ecomm.tests.LoginPageTest" tests="3" failures="0" timestamp="22 Jul 2021 18:08:52 GMT" time="92.588" errors="0">
  <testcase name="LoginTest" time="38.971" classname="com.ecomm.tests.LoginPageTest"/>
  <testcase name="InvalidLoginTest" time="19.875" classname="com.ecomm.tests.LoginPageTest"/>
  <testcase name="InvalidLoginTest" time="33.742" classname="com.ecomm.tests.LoginPageTest"/>
</testsuite> <!-- com.ecomm.tests.LoginPageTest -->
