<?xml version="1.0" encoding="UTF-8"?>
<!-- Generated by org.testng.reporters.JUnitReportReporter -->
<testsuite skipped="0" hostname="DESKTOP-K092JRV" name="com.ecomm.tests.BaseClass" tests="1" failures="0" timestamp="18 Apr 2021 08:20:23 GMT" time="12.901" errors="0">
  <testcase name="Launch" time="12.901" classname="com.ecomm.tests.BaseClass"/>
</testsuite> <!-- com.ecomm.tests.BaseClass -->
