<?xml version="1.0" encoding="UTF-8"?>
<!-- Generated by org.testng.reporters.JUnitReportReporter -->
<testsuite skipped="0" hostname="DESKTOP-K092JRV" name="com.ecomm.tests.HomePageTests" tests="2" failures="0" timestamp="28 Aug 2021 18:32:11 GMT" time="57.169" errors="0">
  <testcase name="HomePageTitleTest" time="24.848" classname="com.ecomm.tests.HomePageTests"/>
  <testcase name="OrderHistory" time="32.321" classname="com.ecomm.tests.HomePageTests"/>
</testsuite> <!-- com.ecomm.tests.HomePageTests -->
