<?xml version="1.0" encoding="UTF-8"?>
<!-- Generated by org.testng.reporters.JUnitReportReporter -->
<testsuite skipped="0" hostname="DESKTOP-K092JRV" name="com.ecomm.tests.LoginPageTest" tests="3" failures="0" timestamp="28 Aug 2021 18:32:11 GMT" time="101.831" errors="0">
  <testcase name="LoginTest" time="37.952" classname="com.ecomm.tests.LoginPageTest"/>
  <testcase name="InvalidLoginTest" time="20.776" classname="com.ecomm.tests.LoginPageTest"/>
  <testcase name="InvalidLoginTest" time="43.103" classname="com.ecomm.tests.LoginPageTest"/>
</testsuite> <!-- com.ecomm.tests.LoginPageTest -->
