<?xml version="1.0" encoding="UTF-8"?>
<!-- Generated by org.testng.reporters.JUnitReportReporter -->
<testsuite skipped="1" hostname="DESKTOP-K092JRV" name="com.ecomm.tests.HomePageTests" tests="2" failures="0" timestamp="22 Jul 2021 18:08:52 GMT" time="74.637" errors="0">
  <testcase name="HomePageTitleTest" time="74.637" classname="com.ecomm.tests.HomePageTests"/>
  <testcase name="OrderHistory" classname="com.ecomm.tests.HomePageTests">
    <skipped/>
  </testcase> <!-- OrderHistory -->
</testsuite> <!-- com.ecomm.tests.HomePageTests -->
